{
  "stats": {
    "suites": 4,
    "tests": 6,
    "passes": 5,
    "pending": 0,
    "failures": 1,
    "start": "2021-09-27T21:12:43.024Z",
    "end": "2021-09-27T21:12:50.685Z",
    "duration": 7661,
    "testsRegistered": 6,
    "passPercent": 83.33333333333334,
    "pendingPercent": 0,
    "other": 0,
    "hasOther": false,
    "skipped": 0,
    "hasSkipped": false
  },
  "results": [
    {
      "uuid": "bbf504dd-1e17-487b-a7f5-103d95bda38a",
      "title": "",
      "fullFile": "cypress/integration/3-shopping-cart/place-items-in-cart.spec.js",
      "file": "cypress/integration/3-shopping-cart/place-items-in-cart.spec.js",
      "beforeHooks": [],
      "afterHooks": [],
      "tests": [],
      "suites": [
        {
          "uuid": "7c5528c6-8147-4a43-88a1-0d16c0324f7a",
          "title": "When placing items in the cart",
          "fullFile": "",
          "file": "",
          "beforeHooks": [],
          "afterHooks": [],
          "tests": [],
          "suites": [
            {
              "uuid": "a60f49ab-2590-4c6c-b391-51bb75fad668",
              "title": "Adding a single item",
              "fullFile": "",
              "file": "",
              "beforeHooks": [],
              "afterHooks": [],
              "tests": [
                {
                  "title": "should show the name of the item in the cart",
                  "fullTitle": "When placing items in the cart Adding a single item should show the name of the item in the cart",
                  "timedOut": null,
                  "duration": 1189,
                  "state": "passed",
                  "speed": "slow",
                  "pass": true,
                  "fail": false,
                  "pending": false,
                  "context": null,
                  "code": "shoppingCart.items().should('have.length', 1).eq(0).should('contain.text', 'Sauce Labs Backpack');",
                  "err": {},
                  "uuid": "057bdff3-485b-47d1-b5f0-41446c2a644d",
                  "parentUUID": "a60f49ab-2590-4c6c-b391-51bb75fad668",
                  "isHook": false,
                  "skipped": false
                },
                {
                  "title": "should show the price",
                  "fullTitle": "When placing items in the cart Adding a single item should show the price",
                  "timedOut": null,
                  "duration": 1220,
                  "state": "failed",
                  "speed": null,
                  "pass": false,
                  "fail": true,
                  "pending": false,
                  "context": null,
                  "code": "shoppingCart.itemPrice('Sauce Labs Backpack').should('contain.txt', '$29.99');",
                  "err": {
                    "message": "CypressError: The chainer `txt` was not found. Could not build assertion.",
                    "estack": "CypressError: The chainer `txt` was not found. Could not build assertion.\n    at cypressErr (https://www.saucedemo.com/__cypress/runner/cypress_runner.js:172630:18)\n    at Object.cypressErrByPath (https://www.saucedemo.com/__cypress/runner/cypress_runner.js:172636:10)\n    at https://www.saucedemo.com/__cypress/runner/cypress_runner.js:152661:86\n    at arrayReduce (https://www.saucedemo.com/__cypress/runner/cypress_runner.js:40286:21)\n    at Function.reduce (https://www.saucedemo.com/__cypress/runner/cypress_runner.js:49338:14)\n    at applyChainers (https://www.saucedemo.com/__cypress/runner/cypress_runner.js:152659:68)\n    at tryCatcher (https://www.saucedemo.com/__cypress/runner/cypress_runner.js:13212:23)\n    at Function.Promise.attempt.Promise.try (https://www.saucedemo.com/__cypress/runner/cypress_runner.js:10486:29)\n    at Context.shouldFn (https://www.saucedemo.com/__cypress/runner/cypress_runner.js:152688:63)\n    at Context.should (https://www.saucedemo.com/__cypress/runner/cypress_runner.js:152706:23)\n    at https://www.saucedemo.com/__cypress/runner/cypress_runner.js:148188:41\n    at assertions (https://www.saucedemo.com/__cypress/runner/cypress_runner.js:148440:16)\n    at tryCatcher (https://www.saucedemo.com/__cypress/runner/cypress_runner.js:13212:23)\n    at Object.gotValue (https://www.saucedemo.com/__cypress/runner/cypress_runner.js:12356:18)\n    at Object.gotAccum (https://www.saucedemo.com/__cypress/runner/cypress_runner.js:12343:25)\n    at Object.tryCatcher (https://www.saucedemo.com/__cypress/runner/cypress_runner.js:13212:23)\nFrom Your Spec Code:\n    at Context.eval (https://www.saucedemo.com/__cypress/tests?p=cypress/integration/3-shopping-cart/place-items-in-cart.spec.js:123:53)",
                    "diff": null
                  },
                  "uuid": "edd8c5ba-8369-4767-9c8d-2912f6bf5161",
                  "parentUUID": "a60f49ab-2590-4c6c-b391-51bb75fad668",
                  "isHook": false,
                  "skipped": false
                },
                {
                  "title": "should show the description",
                  "fullTitle": "When placing items in the cart Adding a single item should show the description",
                  "timedOut": null,
                  "duration": 990,
                  "state": "passed",
                  "speed": "slow",
                  "pass": true,
                  "fail": false,
                  "pending": false,
                  "context": null,
                  "code": "shoppingCart.itemDescription('Sauce Labs Backpack').should('contain.text', 'carry.allTheThings()');",
                  "err": {},
                  "uuid": "4a493c95-74b6-4afe-a34a-a49ace4ef946",
                  "parentUUID": "a60f49ab-2590-4c6c-b391-51bb75fad668",
                  "isHook": false,
                  "skipped": false
                },
                {
                  "title": "should show the quantity",
                  "fullTitle": "When placing items in the cart Adding a single item should show the quantity",
                  "timedOut": null,
                  "duration": 979,
                  "state": "passed",
                  "speed": "slow",
                  "pass": true,
                  "fail": false,
                  "pending": false,
                  "context": null,
                  "code": "shoppingCart.itemQuantity('Sauce Labs Backpack').should('contain.text', '1');",
                  "err": {},
                  "uuid": "17cafc83-02d9-4729-b45a-0132c67570f7",
                  "parentUUID": "a60f49ab-2590-4c6c-b391-51bb75fad668",
                  "isHook": false,
                  "skipped": false
                }
              ],
              "suites": [],
              "passes": [
                "057bdff3-485b-47d1-b5f0-41446c2a644d",
                "4a493c95-74b6-4afe-a34a-a49ace4ef946",
                "17cafc83-02d9-4729-b45a-0132c67570f7"
              ],
              "failures": [
                "edd8c5ba-8369-4767-9c8d-2912f6bf5161"
              ],
              "pending": [],
              "skipped": [],
              "duration": 4378,
              "root": false,
              "rootEmpty": false,
              "_timeout": 2000
            },
            {
              "uuid": "f0ab2e68-ff48-48ea-ad40-6fac715cafb4",
              "title": "Adding several items",
              "fullFile": "",
              "file": "",
              "beforeHooks": [],
              "afterHooks": [],
              "tests": [
                {
                  "title": "should show the details of the item in the cart",
                  "fullTitle": "When placing items in the cart Adding several items should show the details of the item in the cart",
                  "timedOut": null,
                  "duration": 1163,
                  "state": "passed",
                  "speed": "slow",
                  "pass": true,
                  "fail": false,
                  "pending": false,
                  "context": null,
                  "code": "productCatalog.addItemToCartCalled('Sauce Labs Backpack');\nproductCatalog.addItemToCartCalled('Sauce Labs Bolt T-Shirt');\nshoppingCart.open();\nshoppingCart.items().should('have.length', 2);\nshoppingCart.items().eq(0).should('contain.text', 'Sauce Labs Backpack');\nshoppingCart.items().eq(1).should('contain.text', 'Bolt T-Shirt');",
                  "err": {},
                  "uuid": "18752244-c329-42db-a4f4-4ac5e7baba0e",
                  "parentUUID": "f0ab2e68-ff48-48ea-ad40-6fac715cafb4",
                  "isHook": false,
                  "skipped": false
                }
              ],
              "suites": [],
              "passes": [
                "18752244-c329-42db-a4f4-4ac5e7baba0e"
              ],
              "failures": [],
              "pending": [],
              "skipped": [],
              "duration": 1163,
              "root": false,
              "rootEmpty": false,
              "_timeout": 2000
            },
            {
              "uuid": "b196b0d0-8b29-4dee-9953-c14f690f2244",
              "title": "Removing items from the cart",
              "fullFile": "",
              "file": "",
              "beforeHooks": [],
              "afterHooks": [],
              "tests": [
                {
                  "title": "should be removed from the cart list",
                  "fullTitle": "When placing items in the cart Removing items from the cart should be removed from the cart list",
                  "timedOut": null,
                  "duration": 1190,
                  "state": "passed",
                  "speed": "slow",
                  "pass": true,
                  "fail": false,
                  "pending": false,
                  "context": null,
                  "code": "shoppingCart.removeButtonFor('Sauce Labs Backpack').click();\nshoppingCart.items().should('have.length', 1).eq(0).should('contain.text', 'Sauce Labs Bolt T-Shirt');",
                  "err": {},
                  "uuid": "f08a87ad-023a-488f-9d93-7da302aef540",
                  "parentUUID": "b196b0d0-8b29-4dee-9953-c14f690f2244",
                  "isHook": false,
                  "skipped": false
                }
              ],
              "suites": [],
              "passes": [
                "f08a87ad-023a-488f-9d93-7da302aef540"
              ],
              "failures": [],
              "pending": [],
              "skipped": [],
              "duration": 1190,
              "root": false,
              "rootEmpty": false,
              "_timeout": 2000
            }
          ],
          "passes": [],
          "failures": [],
          "pending": [],
          "skipped": [],
          "duration": 0,
          "root": false,
          "rootEmpty": false,
          "_timeout": 2000
        }
      ],
      "passes": [],
      "failures": [],
      "pending": [],
      "skipped": [],
      "duration": 0,
      "root": true,
      "rootEmpty": true,
      "_timeout": 2000
    }
  ],
  "meta": {
    "mocha": {
      "version": "7.0.1"
    },
    "mochawesome": {
      "options": {
        "quiet": false,
        "reportFilename": "mochawesome",
        "saveHtml": false,
        "saveJson": true,
        "consoleReporter": "spec",
        "useInlineDiffs": false,
        "code": true
      },
      "version": "6.2.2"
    },
    "marge": {
      "options": {
        "id": "default",
        "reportDir": "cypress/reports/mocha",
        "quite": true,
        "overwrite": false,
        "html": false,
        "json": true
      },
      "version": "5.2.0"
    }
  }
}