{
  "stats": {
    "suites": 3,
    "tests": 4,
    "passes": 4,
    "pending": 0,
    "failures": 0,
    "start": "2021-09-27T21:12:23.922Z",
    "end": "2021-09-27T21:12:28.860Z",
    "duration": 4938,
    "testsRegistered": 4,
    "passPercent": 100,
    "pendingPercent": 0,
    "other": 0,
    "hasOther": false,
    "skipped": 0,
    "hasSkipped": false
  },
  "results": [
    {
      "uuid": "3c6284ba-3480-442b-bf2a-c34345f20056",
      "title": "",
      "fullFile": "cypress/integration/1-logging-on/login.spec.js",
      "file": "cypress/integration/1-logging-on/login.spec.js",
      "beforeHooks": [],
      "afterHooks": [],
      "tests": [],
      "suites": [
        {
          "uuid": "d9333d9d-d74e-4421-9bdb-bd9c8a208607",
          "title": "When logging on",
          "fullFile": "",
          "file": "",
          "beforeHooks": [],
          "afterHooks": [],
          "tests": [],
          "suites": [
            {
              "uuid": "e7c8a842-ef3e-4e5e-be34-c84c8983c14e",
              "title": "with a valid user account",
              "fullFile": "",
              "file": "",
              "beforeHooks": [],
              "afterHooks": [],
              "tests": [
                {
                  "title": "With valid credentials",
                  "fullTitle": "When logging on with a valid user account With valid credentials",
                  "timedOut": null,
                  "duration": 1254,
                  "state": "passed",
                  "speed": "slow",
                  "pass": true,
                  "fail": false,
                  "pending": false,
                  "context": null,
                  "code": "loginPage.loginWith(\"standard_user\", \"secret_sauce\");\npageHeader.title().should('have.text', 'Products');",
                  "err": {},
                  "uuid": "444b0d9b-ec71-405d-adf0-b8fc5e4995a4",
                  "parentUUID": "e7c8a842-ef3e-4e5e-be34-c84c8983c14e",
                  "isHook": false,
                  "skipped": false
                },
                {
                  "title": "With an incorrect username",
                  "fullTitle": "When logging on with a valid user account With an incorrect username",
                  "timedOut": null,
                  "duration": 868,
                  "state": "passed",
                  "speed": "slow",
                  "pass": true,
                  "fail": false,
                  "pending": false,
                  "context": null,
                  "code": "loginPage.loginWith(\"WRONG_USER\", \"secret_sauce\");\nloginPage.errorMessage().should('contain', 'Username and password do not match any user');",
                  "err": {},
                  "uuid": "e82b6295-64b4-4b60-9440-9995e2c0d9be",
                  "parentUUID": "e7c8a842-ef3e-4e5e-be34-c84c8983c14e",
                  "isHook": false,
                  "skipped": false
                },
                {
                  "title": "With incorrect password",
                  "fullTitle": "When logging on with a valid user account With incorrect password",
                  "timedOut": null,
                  "duration": 782,
                  "state": "passed",
                  "speed": "slow",
                  "pass": true,
                  "fail": false,
                  "pending": false,
                  "context": null,
                  "code": "loginPage.loginWith(\"standard_user\", \"WRONG_USER\");\nloginPage.errorMessage().should('contain', 'Username and password do not match any user');",
                  "err": {},
                  "uuid": "860a1752-f2c0-4736-ade5-704959a9e247",
                  "parentUUID": "e7c8a842-ef3e-4e5e-be34-c84c8983c14e",
                  "isHook": false,
                  "skipped": false
                }
              ],
              "suites": [],
              "passes": [
                "444b0d9b-ec71-405d-adf0-b8fc5e4995a4",
                "e82b6295-64b4-4b60-9440-9995e2c0d9be",
                "860a1752-f2c0-4736-ade5-704959a9e247"
              ],
              "failures": [],
              "pending": [],
              "skipped": [],
              "duration": 2904,
              "root": false,
              "rootEmpty": false,
              "_timeout": 2000
            },
            {
              "uuid": "bf5421f7-8962-4728-86dc-91048329954c",
              "title": "with a blocked account",
              "fullFile": "",
              "file": "",
              "beforeHooks": [],
              "afterHooks": [],
              "tests": [
                {
                  "title": "should not allow a blocked user to login",
                  "fullTitle": "When logging on with a blocked account should not allow a blocked user to login",
                  "timedOut": null,
                  "duration": 826,
                  "state": "passed",
                  "speed": "slow",
                  "pass": true,
                  "fail": false,
                  "pending": false,
                  "context": null,
                  "code": "loginPage.loginWith(\"locked_out_user\", \"secret_sauce\");\nloginPage.errorMessage().should('contain', 'Sorry, this user has been locked out.');",
                  "err": {},
                  "uuid": "65642384-bdd8-4530-82f9-57664b69df1a",
                  "parentUUID": "bf5421f7-8962-4728-86dc-91048329954c",
                  "isHook": false,
                  "skipped": false
                }
              ],
              "suites": [],
              "passes": [
                "65642384-bdd8-4530-82f9-57664b69df1a"
              ],
              "failures": [],
              "pending": [],
              "skipped": [],
              "duration": 826,
              "root": false,
              "rootEmpty": false,
              "_timeout": 2000
            }
          ],
          "passes": [],
          "failures": [],
          "pending": [],
          "skipped": [],
          "duration": 0,
          "root": false,
          "rootEmpty": false,
          "_timeout": 2000
        }
      ],
      "passes": [],
      "failures": [],
      "pending": [],
      "skipped": [],
      "duration": 0,
      "root": true,
      "rootEmpty": true,
      "_timeout": 2000
    }
  ],
  "meta": {
    "mocha": {
      "version": "7.0.1"
    },
    "mochawesome": {
      "options": {
        "quiet": false,
        "reportFilename": "mochawesome",
        "saveHtml": false,
        "saveJson": true,
        "consoleReporter": "spec",
        "useInlineDiffs": false,
        "code": true
      },
      "version": "6.2.2"
    },
    "marge": {
      "options": {
        "id": "default",
        "reportDir": "cypress/reports/mocha",
        "quite": true,
        "overwrite": false,
        "html": false,
        "json": true
      },
      "version": "5.2.0"
    }
  }
}