{
  "stats": {
    "suites": 2,
    "tests": 3,
    "passes": 3,
    "pending": 0,
    "failures": 0,
    "start": "2021-09-27T21:12:54.891Z",
    "end": "2021-09-27T21:13:01.079Z",
    "duration": 6188,
    "testsRegistered": 3,
    "passPercent": 100,
    "pendingPercent": 0,
    "other": 0,
    "hasOther": false,
    "skipped": 0,
    "hasSkipped": false
  },
  "results": [
    {
      "uuid": "5db34b34-959e-4ccc-bbbe-2f2be809760c",
      "title": "",
      "fullFile": "cypress/integration/4-checkout/checkout-items-in-cart.spec.js",
      "file": "cypress/integration/4-checkout/checkout-items-in-cart.spec.js",
      "beforeHooks": [],
      "afterHooks": [],
      "tests": [],
      "suites": [
        {
          "uuid": "a87657b4-dae0-4220-8c2d-881164eb7c65",
          "title": "When placing items in the cart",
          "fullFile": "",
          "file": "",
          "beforeHooks": [],
          "afterHooks": [],
          "tests": [],
          "suites": [
            {
              "uuid": "5a85f9ab-f15e-4c95-bf25-f81a31f7d853",
              "title": "When checking out items in the cart",
              "fullFile": "",
              "file": "",
              "beforeHooks": [],
              "afterHooks": [],
              "tests": [
                {
                  "title": "all customer information is mandatory",
                  "fullTitle": "When placing items in the cart When checking out items in the cart all customer information is mandatory",
                  "timedOut": null,
                  "duration": 1444,
                  "state": "passed",
                  "speed": "slow",
                  "pass": true,
                  "fail": false,
                  "pending": false,
                  "context": null,
                  "code": "checkoutInformation.withPersonalDetails(\"\", \"\", \"\");\ncheckoutInformation.error().should('be.visible');",
                  "err": {},
                  "uuid": "c2b3d6b3-965b-4d6c-935e-0cec55b58391",
                  "parentUUID": "5a85f9ab-f15e-4c95-bf25-f81a31f7d853",
                  "isHook": false,
                  "skipped": false
                },
                {
                  "title": "the items in the cart should be shown in the overview",
                  "fullTitle": "When placing items in the cart When checking out items in the cart the items in the cart should be shown in the overview",
                  "timedOut": null,
                  "duration": 1947,
                  "state": "passed",
                  "speed": "slow",
                  "pass": true,
                  "fail": false,
                  "pending": false,
                  "context": null,
                  "code": "checkoutInformation.withPersonalDetails(\"Sally\", \"Shopper\", \"ABC123\");\ncheckoutOverview.items().should('have.length', 2);",
                  "err": {},
                  "uuid": "d4a13854-5857-4607-b2bc-5457955df4a8",
                  "parentUUID": "5a85f9ab-f15e-4c95-bf25-f81a31f7d853",
                  "isHook": false,
                  "skipped": false
                },
                {
                  "title": "the Thank You message should be shown when the checkout is completed",
                  "fullTitle": "When placing items in the cart When checking out items in the cart the Thank You message should be shown when the checkout is completed",
                  "timedOut": null,
                  "duration": 1983,
                  "state": "passed",
                  "speed": "slow",
                  "pass": true,
                  "fail": false,
                  "pending": false,
                  "context": null,
                  "code": "checkoutInformation.withPersonalDetails(\"Sally\", \"Shopper\", \"ABC123\");\ncheckoutOverview.finishCheckout();\ncheckoutConfirmation.message().should('contain', 'THANK YOU FOR YOUR ORDER');",
                  "err": {},
                  "uuid": "46bda02e-dce2-4dd5-b31d-840dbd8d7218",
                  "parentUUID": "5a85f9ab-f15e-4c95-bf25-f81a31f7d853",
                  "isHook": false,
                  "skipped": false
                }
              ],
              "suites": [],
              "passes": [
                "c2b3d6b3-965b-4d6c-935e-0cec55b58391",
                "d4a13854-5857-4607-b2bc-5457955df4a8",
                "46bda02e-dce2-4dd5-b31d-840dbd8d7218"
              ],
              "failures": [],
              "pending": [],
              "skipped": [],
              "duration": 5374,
              "root": false,
              "rootEmpty": false,
              "_timeout": 2000
            }
          ],
          "passes": [],
          "failures": [],
          "pending": [],
          "skipped": [],
          "duration": 0,
          "root": false,
          "rootEmpty": false,
          "_timeout": 2000
        }
      ],
      "passes": [],
      "failures": [],
      "pending": [],
      "skipped": [],
      "duration": 0,
      "root": true,
      "rootEmpty": true,
      "_timeout": 2000
    }
  ],
  "meta": {
    "mocha": {
      "version": "7.0.1"
    },
    "mochawesome": {
      "options": {
        "quiet": false,
        "reportFilename": "mochawesome",
        "saveHtml": false,
        "saveJson": true,
        "consoleReporter": "spec",
        "useInlineDiffs": false,
        "code": true
      },
      "version": "6.2.2"
    },
    "marge": {
      "options": {
        "id": "default",
        "reportDir": "cypress/reports/mocha",
        "quite": true,
        "overwrite": false,
        "html": false,
        "json": true
      },
      "version": "5.2.0"
    }
  }
}