{
  "stats": {
    "suites": 3,
    "tests": 5,
    "passes": 5,
    "pending": 0,
    "failures": 0,
    "start": "2021-09-27T21:12:32.869Z",
    "end": "2021-09-27T21:12:38.648Z",
    "duration": 5779,
    "testsRegistered": 5,
    "passPercent": 100,
    "pendingPercent": 0,
    "other": 0,
    "hasOther": false,
    "skipped": 0,
    "hasSkipped": false
  },
  "results": [
    {
      "uuid": "0908ea2f-4c34-405f-9872-90a0ec846b63",
      "title": "",
      "fullFile": "cypress/integration/2-product-catalog/browse-products.spec.js",
      "file": "cypress/integration/2-product-catalog/browse-products.spec.js",
      "beforeHooks": [],
      "afterHooks": [],
      "tests": [],
      "suites": [
        {
          "uuid": "d8ccb624-f586-4c09-8eaa-7b402fac328c",
          "title": "When browsing the product catalog",
          "fullFile": "",
          "file": "",
          "beforeHooks": [],
          "afterHooks": [],
          "tests": [],
          "suites": [
            {
              "uuid": "f94625ee-c21d-4114-b73e-c6f2327f52c9",
              "title": "All six products should be displayed",
              "fullFile": "",
              "file": "",
              "beforeHooks": [],
              "afterHooks": [],
              "tests": [
                {
                  "title": "should show titles for 6 products",
                  "fullTitle": "When browsing the product catalog All six products should be displayed should show titles for 6 products",
                  "timedOut": null,
                  "duration": 1031,
                  "state": "passed",
                  "speed": "slow",
                  "pass": true,
                  "fail": false,
                  "pending": false,
                  "context": null,
                  "code": "productCatalog.productNames().should('have.length', 6);",
                  "err": {},
                  "uuid": "b1bbb661-a972-4766-a245-025c2f57b259",
                  "parentUUID": "f94625ee-c21d-4114-b73e-c6f2327f52c9",
                  "isHook": false,
                  "skipped": false
                }
              ],
              "suites": [],
              "passes": [
                "b1bbb661-a972-4766-a245-025c2f57b259"
              ],
              "failures": [],
              "pending": [],
              "skipped": [],
              "duration": 1031,
              "root": false,
              "rootEmpty": false,
              "_timeout": 2000
            },
            {
              "uuid": "2b0607d8-7ce6-486e-9bf1-d173654336b0",
              "title": "the customer should be able to add any item to the cart",
              "fullFile": "",
              "file": "",
              "beforeHooks": [],
              "afterHooks": [],
              "tests": [
                {
                  "title": "Each product should have an Add To Cart button",
                  "fullTitle": "When browsing the product catalog the customer should be able to add any item to the cart Each product should have an Add To Cart button",
                  "timedOut": null,
                  "duration": 857,
                  "state": "passed",
                  "speed": "slow",
                  "pass": true,
                  "fail": false,
                  "pending": false,
                  "context": null,
                  "code": "productCatalog.addToCartButtons().should('have.length', 6);",
                  "err": {},
                  "uuid": "bf899d64-17af-4092-920c-13d659fd1aaf",
                  "parentUUID": "2b0607d8-7ce6-486e-9bf1-d173654336b0",
                  "isHook": false,
                  "skipped": false
                },
                {
                  "title": "Adding a item to the cart should update the cart count",
                  "fullTitle": "When browsing the product catalog the customer should be able to add any item to the cart Adding a item to the cart should update the cart count",
                  "timedOut": null,
                  "duration": 910,
                  "state": "passed",
                  "speed": "slow",
                  "pass": true,
                  "fail": false,
                  "pending": false,
                  "context": null,
                  "code": "productCatalog.addItemToCartCalled('Sauce Labs Backpack');\nproductCatalog.shoppingCartBadge().should('contain.text', '1');\nproductCatalog.addToCartButtons().should('have.length', 5);\nproductCatalog.removeFromCartButtons().should('have.length', 1);",
                  "err": {},
                  "uuid": "a78064ed-98c7-4eef-a7d3-9996ee3d9382",
                  "parentUUID": "2b0607d8-7ce6-486e-9bf1-d173654336b0",
                  "isHook": false,
                  "skipped": false
                },
                {
                  "title": "Adding two items to the cart",
                  "fullTitle": "When browsing the product catalog the customer should be able to add any item to the cart Adding two items to the cart",
                  "timedOut": null,
                  "duration": 966,
                  "state": "passed",
                  "speed": "slow",
                  "pass": true,
                  "fail": false,
                  "pending": false,
                  "context": null,
                  "code": "productCatalog.addItemToCartCalled('Sauce Labs Backpack');\nproductCatalog.addItemToCartCalled('Sauce Labs Bike Light');\nproductCatalog.shoppingCartBadge().should('contain.text', '2');",
                  "err": {},
                  "uuid": "e6850931-b821-43d7-b6ef-f16e92cdeaaf",
                  "parentUUID": "2b0607d8-7ce6-486e-9bf1-d173654336b0",
                  "isHook": false,
                  "skipped": false
                },
                {
                  "title": "Adding two items to the cart then removing one",
                  "fullTitle": "When browsing the product catalog the customer should be able to add any item to the cart Adding two items to the cart then removing one",
                  "timedOut": null,
                  "duration": 1120,
                  "state": "passed",
                  "speed": "slow",
                  "pass": true,
                  "fail": false,
                  "pending": false,
                  "context": null,
                  "code": "productCatalog.addItemToCartCalled('Sauce Labs Backpack');\nproductCatalog.addItemToCartCalled('Sauce Labs Bike Light');\nproductCatalog.removeItemFromCartCalled('Sauce Labs Backpack');\nproductCatalog.shoppingCartBadge().should('contain.text', '1');\nproductCatalog.addToCartButtons().should('have.length', 5);\nproductCatalog.removeFromCartButtons().should('have.length', 1);",
                  "err": {},
                  "uuid": "05acd3e9-4d03-428a-82c5-b612edce253f",
                  "parentUUID": "2b0607d8-7ce6-486e-9bf1-d173654336b0",
                  "isHook": false,
                  "skipped": false
                }
              ],
              "suites": [],
              "passes": [
                "bf899d64-17af-4092-920c-13d659fd1aaf",
                "a78064ed-98c7-4eef-a7d3-9996ee3d9382",
                "e6850931-b821-43d7-b6ef-f16e92cdeaaf",
                "05acd3e9-4d03-428a-82c5-b612edce253f"
              ],
              "failures": [],
              "pending": [],
              "skipped": [],
              "duration": 3853,
              "root": false,
              "rootEmpty": false,
              "_timeout": 2000
            }
          ],
          "passes": [],
          "failures": [],
          "pending": [],
          "skipped": [],
          "duration": 0,
          "root": false,
          "rootEmpty": false,
          "_timeout": 2000
        }
      ],
      "passes": [],
      "failures": [],
      "pending": [],
      "skipped": [],
      "duration": 0,
      "root": true,
      "rootEmpty": true,
      "_timeout": 2000
    }
  ],
  "meta": {
    "mocha": {
      "version": "7.0.1"
    },
    "mochawesome": {
      "options": {
        "quiet": false,
        "reportFilename": "mochawesome",
        "saveHtml": false,
        "saveJson": true,
        "consoleReporter": "spec",
        "useInlineDiffs": false,
        "code": true
      },
      "version": "6.2.2"
    },
    "marge": {
      "options": {
        "id": "default",
        "reportDir": "cypress/reports/mocha",
        "quite": true,
        "overwrite": false,
        "html": false,
        "json": true
      },
      "version": "5.2.0"
    }
  }
}