{
  "stats": {
    "suites": 4,
    "tests": 18,
    "passes": 17,
    "pending": 0,
    "failures": 1,
    "start": "2021-09-27T21:12:23.922Z",
    "end": "2021-09-27T21:13:01.079Z",
    "duration": 20719,
    "testsRegistered": 18,
    "passPercent": 94.44444444444444,
    "pendingPercent": 0,
    "other": 0,
    "hasOther": false,
    "skipped": 0,
    "hasSkipped": false
  },
  "results": [
    {
      "uuid": "3c6284ba-3480-442b-bf2a-c34345f20056",
      "title": "",
      "fullFile": "cypress/integration/1-logging-on/login.spec.js",
      "file": "cypress/integration/1-logging-on/login.spec.js",
      "beforeHooks": [],
      "afterHooks": [],
      "tests": [],
      "suites": [
        {
          "uuid": "d9333d9d-d74e-4421-9bdb-bd9c8a208607",
          "title": "When logging on",
          "fullFile": "",
          "file": "",
          "beforeHooks": [],
          "afterHooks": [],
          "tests": [],
          "suites": [
            {
              "uuid": "e7c8a842-ef3e-4e5e-be34-c84c8983c14e",
              "title": "with a valid user account",
              "fullFile": "",
              "file": "",
              "beforeHooks": [],
              "afterHooks": [],
              "tests": [
                {
                  "title": "With valid credentials",
                  "fullTitle": "When logging on with a valid user account With valid credentials",
                  "timedOut": null,
                  "duration": 1254,
                  "state": "passed",
                  "speed": "slow",
                  "pass": true,
                  "fail": false,
                  "pending": false,
                  "context": null,
                  "code": "loginPage.loginWith(\"standard_user\", \"secret_sauce\");\npageHeader.title().should('have.text', 'Products');",
                  "err": {},
                  "uuid": "444b0d9b-ec71-405d-adf0-b8fc5e4995a4",
                  "parentUUID": "e7c8a842-ef3e-4e5e-be34-c84c8983c14e",
                  "isHook": false,
                  "skipped": false
                },
                {
                  "title": "With an incorrect username",
                  "fullTitle": "When logging on with a valid user account With an incorrect username",
                  "timedOut": null,
                  "duration": 868,
                  "state": "passed",
                  "speed": "slow",
                  "pass": true,
                  "fail": false,
                  "pending": false,
                  "context": null,
                  "code": "loginPage.loginWith(\"WRONG_USER\", \"secret_sauce\");\nloginPage.errorMessage().should('contain', 'Username and password do not match any user');",
                  "err": {},
                  "uuid": "e82b6295-64b4-4b60-9440-9995e2c0d9be",
                  "parentUUID": "e7c8a842-ef3e-4e5e-be34-c84c8983c14e",
                  "isHook": false,
                  "skipped": false
                },
                {
                  "title": "With incorrect password",
                  "fullTitle": "When logging on with a valid user account With incorrect password",
                  "timedOut": null,
                  "duration": 782,
                  "state": "passed",
                  "speed": "slow",
                  "pass": true,
                  "fail": false,
                  "pending": false,
                  "context": null,
                  "code": "loginPage.loginWith(\"standard_user\", \"WRONG_USER\");\nloginPage.errorMessage().should('contain', 'Username and password do not match any user');",
                  "err": {},
                  "uuid": "860a1752-f2c0-4736-ade5-704959a9e247",
                  "parentUUID": "e7c8a842-ef3e-4e5e-be34-c84c8983c14e",
                  "isHook": false,
                  "skipped": false
                }
              ],
              "suites": [],
              "passes": [
                "444b0d9b-ec71-405d-adf0-b8fc5e4995a4",
                "e82b6295-64b4-4b60-9440-9995e2c0d9be",
                "860a1752-f2c0-4736-ade5-704959a9e247"
              ],
              "failures": [],
              "pending": [],
              "skipped": [],
              "duration": 2904,
              "root": false,
              "rootEmpty": false,
              "_timeout": 2000
            },
            {
              "uuid": "bf5421f7-8962-4728-86dc-91048329954c",
              "title": "with a blocked account",
              "fullFile": "",
              "file": "",
              "beforeHooks": [],
              "afterHooks": [],
              "tests": [
                {
                  "title": "should not allow a blocked user to login",
                  "fullTitle": "When logging on with a blocked account should not allow a blocked user to login",
                  "timedOut": null,
                  "duration": 826,
                  "state": "passed",
                  "speed": "slow",
                  "pass": true,
                  "fail": false,
                  "pending": false,
                  "context": null,
                  "code": "loginPage.loginWith(\"locked_out_user\", \"secret_sauce\");\nloginPage.errorMessage().should('contain', 'Sorry, this user has been locked out.');",
                  "err": {},
                  "uuid": "65642384-bdd8-4530-82f9-57664b69df1a",
                  "parentUUID": "bf5421f7-8962-4728-86dc-91048329954c",
                  "isHook": false,
                  "skipped": false
                }
              ],
              "suites": [],
              "passes": [
                "65642384-bdd8-4530-82f9-57664b69df1a"
              ],
              "failures": [],
              "pending": [],
              "skipped": [],
              "duration": 826,
              "root": false,
              "rootEmpty": false,
              "_timeout": 2000
            }
          ],
          "passes": [],
          "failures": [],
          "pending": [],
          "skipped": [],
          "duration": 0,
          "root": false,
          "rootEmpty": false,
          "_timeout": 2000
        }
      ],
      "passes": [],
      "failures": [],
      "pending": [],
      "skipped": [],
      "duration": 0,
      "root": true,
      "rootEmpty": true,
      "_timeout": 2000
    },
    {
      "uuid": "0908ea2f-4c34-405f-9872-90a0ec846b63",
      "title": "",
      "fullFile": "cypress/integration/2-product-catalog/browse-products.spec.js",
      "file": "cypress/integration/2-product-catalog/browse-products.spec.js",
      "beforeHooks": [],
      "afterHooks": [],
      "tests": [],
      "suites": [
        {
          "uuid": "d8ccb624-f586-4c09-8eaa-7b402fac328c",
          "title": "When browsing the product catalog",
          "fullFile": "",
          "file": "",
          "beforeHooks": [],
          "afterHooks": [],
          "tests": [],
          "suites": [
            {
              "uuid": "f94625ee-c21d-4114-b73e-c6f2327f52c9",
              "title": "All six products should be displayed",
              "fullFile": "",
              "file": "",
              "beforeHooks": [],
              "afterHooks": [],
              "tests": [
                {
                  "title": "should show titles for 6 products",
                  "fullTitle": "When browsing the product catalog All six products should be displayed should show titles for 6 products",
                  "timedOut": null,
                  "duration": 1031,
                  "state": "passed",
                  "speed": "slow",
                  "pass": true,
                  "fail": false,
                  "pending": false,
                  "context": null,
                  "code": "productCatalog.productNames().should('have.length', 6);",
                  "err": {},
                  "uuid": "b1bbb661-a972-4766-a245-025c2f57b259",
                  "parentUUID": "f94625ee-c21d-4114-b73e-c6f2327f52c9",
                  "isHook": false,
                  "skipped": false
                }
              ],
              "suites": [],
              "passes": [
                "b1bbb661-a972-4766-a245-025c2f57b259"
              ],
              "failures": [],
              "pending": [],
              "skipped": [],
              "duration": 1031,
              "root": false,
              "rootEmpty": false,
              "_timeout": 2000
            },
            {
              "uuid": "2b0607d8-7ce6-486e-9bf1-d173654336b0",
              "title": "the customer should be able to add any item to the cart",
              "fullFile": "",
              "file": "",
              "beforeHooks": [],
              "afterHooks": [],
              "tests": [
                {
                  "title": "Each product should have an Add To Cart button",
                  "fullTitle": "When browsing the product catalog the customer should be able to add any item to the cart Each product should have an Add To Cart button",
                  "timedOut": null,
                  "duration": 857,
                  "state": "passed",
                  "speed": "slow",
                  "pass": true,
                  "fail": false,
                  "pending": false,
                  "context": null,
                  "code": "productCatalog.addToCartButtons().should('have.length', 6);",
                  "err": {},
                  "uuid": "bf899d64-17af-4092-920c-13d659fd1aaf",
                  "parentUUID": "2b0607d8-7ce6-486e-9bf1-d173654336b0",
                  "isHook": false,
                  "skipped": false
                },
                {
                  "title": "Adding a item to the cart should update the cart count",
                  "fullTitle": "When browsing the product catalog the customer should be able to add any item to the cart Adding a item to the cart should update the cart count",
                  "timedOut": null,
                  "duration": 910,
                  "state": "passed",
                  "speed": "slow",
                  "pass": true,
                  "fail": false,
                  "pending": false,
                  "context": null,
                  "code": "productCatalog.addItemToCartCalled('Sauce Labs Backpack');\nproductCatalog.shoppingCartBadge().should('contain.text', '1');\nproductCatalog.addToCartButtons().should('have.length', 5);\nproductCatalog.removeFromCartButtons().should('have.length', 1);",
                  "err": {},
                  "uuid": "a78064ed-98c7-4eef-a7d3-9996ee3d9382",
                  "parentUUID": "2b0607d8-7ce6-486e-9bf1-d173654336b0",
                  "isHook": false,
                  "skipped": false
                },
                {
                  "title": "Adding two items to the cart",
                  "fullTitle": "When browsing the product catalog the customer should be able to add any item to the cart Adding two items to the cart",
                  "timedOut": null,
                  "duration": 966,
                  "state": "passed",
                  "speed": "slow",
                  "pass": true,
                  "fail": false,
                  "pending": false,
                  "context": null,
                  "code": "productCatalog.addItemToCartCalled('Sauce Labs Backpack');\nproductCatalog.addItemToCartCalled('Sauce Labs Bike Light');\nproductCatalog.shoppingCartBadge().should('contain.text', '2');",
                  "err": {},
                  "uuid": "e6850931-b821-43d7-b6ef-f16e92cdeaaf",
                  "parentUUID": "2b0607d8-7ce6-486e-9bf1-d173654336b0",
                  "isHook": false,
                  "skipped": false
                },
                {
                  "title": "Adding two items to the cart then removing one",
                  "fullTitle": "When browsing the product catalog the customer should be able to add any item to the cart Adding two items to the cart then removing one",
                  "timedOut": null,
                  "duration": 1120,
                  "state": "passed",
                  "speed": "slow",
                  "pass": true,
                  "fail": false,
                  "pending": false,
                  "context": null,
                  "code": "productCatalog.addItemToCartCalled('Sauce Labs Backpack');\nproductCatalog.addItemToCartCalled('Sauce Labs Bike Light');\nproductCatalog.removeItemFromCartCalled('Sauce Labs Backpack');\nproductCatalog.shoppingCartBadge().should('contain.text', '1');\nproductCatalog.addToCartButtons().should('have.length', 5);\nproductCatalog.removeFromCartButtons().should('have.length', 1);",
                  "err": {},
                  "uuid": "05acd3e9-4d03-428a-82c5-b612edce253f",
                  "parentUUID": "2b0607d8-7ce6-486e-9bf1-d173654336b0",
                  "isHook": false,
                  "skipped": false
                }
              ],
              "suites": [],
              "passes": [
                "bf899d64-17af-4092-920c-13d659fd1aaf",
                "a78064ed-98c7-4eef-a7d3-9996ee3d9382",
                "e6850931-b821-43d7-b6ef-f16e92cdeaaf",
                "05acd3e9-4d03-428a-82c5-b612edce253f"
              ],
              "failures": [],
              "pending": [],
              "skipped": [],
              "duration": 3853,
              "root": false,
              "rootEmpty": false,
              "_timeout": 2000
            }
          ],
          "passes": [],
          "failures": [],
          "pending": [],
          "skipped": [],
          "duration": 0,
          "root": false,
          "rootEmpty": false,
          "_timeout": 2000
        }
      ],
      "passes": [],
      "failures": [],
      "pending": [],
      "skipped": [],
      "duration": 0,
      "root": true,
      "rootEmpty": true,
      "_timeout": 2000
    },
    {
      "uuid": "bbf504dd-1e17-487b-a7f5-103d95bda38a",
      "title": "",
      "fullFile": "cypress/integration/3-shopping-cart/place-items-in-cart.spec.js",
      "file": "cypress/integration/3-shopping-cart/place-items-in-cart.spec.js",
      "beforeHooks": [],
      "afterHooks": [],
      "tests": [],
      "suites": [
        {
          "uuid": "7c5528c6-8147-4a43-88a1-0d16c0324f7a",
          "title": "When placing items in the cart",
          "fullFile": "",
          "file": "",
          "beforeHooks": [],
          "afterHooks": [],
          "tests": [],
          "suites": [
            {
              "uuid": "a60f49ab-2590-4c6c-b391-51bb75fad668",
              "title": "Adding a single item",
              "fullFile": "",
              "file": "",
              "beforeHooks": [],
              "afterHooks": [],
              "tests": [
                {
                  "title": "should show the name of the item in the cart",
                  "fullTitle": "When placing items in the cart Adding a single item should show the name of the item in the cart",
                  "timedOut": null,
                  "duration": 1189,
                  "state": "passed",
                  "speed": "slow",
                  "pass": true,
                  "fail": false,
                  "pending": false,
                  "context": null,
                  "code": "shoppingCart.items().should('have.length', 1).eq(0).should('contain.text', 'Sauce Labs Backpack');",
                  "err": {},
                  "uuid": "057bdff3-485b-47d1-b5f0-41446c2a644d",
                  "parentUUID": "a60f49ab-2590-4c6c-b391-51bb75fad668",
                  "isHook": false,
                  "skipped": false
                },
                {
                  "title": "should show the price",
                  "fullTitle": "When placing items in the cart Adding a single item should show the price",
                  "timedOut": null,
                  "duration": 1220,
                  "state": "failed",
                  "speed": null,
                  "pass": false,
                  "fail": true,
                  "pending": false,
                  "context": null,
                  "code": "shoppingCart.itemPrice('Sauce Labs Backpack').should('contain.txt', '$29.99');",
                  "err": {
                    "message": "CypressError: The chainer `txt` was not found. Could not build assertion.",
                    "estack": "CypressError: The chainer `txt` was not found. Could not build assertion.\n    at cypressErr (https://www.saucedemo.com/__cypress/runner/cypress_runner.js:172630:18)\n    at Object.cypressErrByPath (https://www.saucedemo.com/__cypress/runner/cypress_runner.js:172636:10)\n    at https://www.saucedemo.com/__cypress/runner/cypress_runner.js:152661:86\n    at arrayReduce (https://www.saucedemo.com/__cypress/runner/cypress_runner.js:40286:21)\n    at Function.reduce (https://www.saucedemo.com/__cypress/runner/cypress_runner.js:49338:14)\n    at applyChainers (https://www.saucedemo.com/__cypress/runner/cypress_runner.js:152659:68)\n    at tryCatcher (https://www.saucedemo.com/__cypress/runner/cypress_runner.js:13212:23)\n    at Function.Promise.attempt.Promise.try (https://www.saucedemo.com/__cypress/runner/cypress_runner.js:10486:29)\n    at Context.shouldFn (https://www.saucedemo.com/__cypress/runner/cypress_runner.js:152688:63)\n    at Context.should (https://www.saucedemo.com/__cypress/runner/cypress_runner.js:152706:23)\n    at https://www.saucedemo.com/__cypress/runner/cypress_runner.js:148188:41\n    at assertions (https://www.saucedemo.com/__cypress/runner/cypress_runner.js:148440:16)\n    at tryCatcher (https://www.saucedemo.com/__cypress/runner/cypress_runner.js:13212:23)\n    at Object.gotValue (https://www.saucedemo.com/__cypress/runner/cypress_runner.js:12356:18)\n    at Object.gotAccum (https://www.saucedemo.com/__cypress/runner/cypress_runner.js:12343:25)\n    at Object.tryCatcher (https://www.saucedemo.com/__cypress/runner/cypress_runner.js:13212:23)\nFrom Your Spec Code:\n    at Context.eval (https://www.saucedemo.com/__cypress/tests?p=cypress/integration/3-shopping-cart/place-items-in-cart.spec.js:123:53)",
                    "diff": null
                  },
                  "uuid": "edd8c5ba-8369-4767-9c8d-2912f6bf5161",
                  "parentUUID": "a60f49ab-2590-4c6c-b391-51bb75fad668",
                  "isHook": false,
                  "skipped": false
                },
                {
                  "title": "should show the description",
                  "fullTitle": "When placing items in the cart Adding a single item should show the description",
                  "timedOut": null,
                  "duration": 990,
                  "state": "passed",
                  "speed": "slow",
                  "pass": true,
                  "fail": false,
                  "pending": false,
                  "context": null,
                  "code": "shoppingCart.itemDescription('Sauce Labs Backpack').should('contain.text', 'carry.allTheThings()');",
                  "err": {},
                  "uuid": "4a493c95-74b6-4afe-a34a-a49ace4ef946",
                  "parentUUID": "a60f49ab-2590-4c6c-b391-51bb75fad668",
                  "isHook": false,
                  "skipped": false
                },
                {
                  "title": "should show the quantity",
                  "fullTitle": "When placing items in the cart Adding a single item should show the quantity",
                  "timedOut": null,
                  "duration": 979,
                  "state": "passed",
                  "speed": "slow",
                  "pass": true,
                  "fail": false,
                  "pending": false,
                  "context": null,
                  "code": "shoppingCart.itemQuantity('Sauce Labs Backpack').should('contain.text', '1');",
                  "err": {},
                  "uuid": "17cafc83-02d9-4729-b45a-0132c67570f7",
                  "parentUUID": "a60f49ab-2590-4c6c-b391-51bb75fad668",
                  "isHook": false,
                  "skipped": false
                }
              ],
              "suites": [],
              "passes": [
                "057bdff3-485b-47d1-b5f0-41446c2a644d",
                "4a493c95-74b6-4afe-a34a-a49ace4ef946",
                "17cafc83-02d9-4729-b45a-0132c67570f7"
              ],
              "failures": [
                "edd8c5ba-8369-4767-9c8d-2912f6bf5161"
              ],
              "pending": [],
              "skipped": [],
              "duration": 4378,
              "root": false,
              "rootEmpty": false,
              "_timeout": 2000
            },
            {
              "uuid": "f0ab2e68-ff48-48ea-ad40-6fac715cafb4",
              "title": "Adding several items",
              "fullFile": "",
              "file": "",
              "beforeHooks": [],
              "afterHooks": [],
              "tests": [
                {
                  "title": "should show the details of the item in the cart",
                  "fullTitle": "When placing items in the cart Adding several items should show the details of the item in the cart",
                  "timedOut": null,
                  "duration": 1163,
                  "state": "passed",
                  "speed": "slow",
                  "pass": true,
                  "fail": false,
                  "pending": false,
                  "context": null,
                  "code": "productCatalog.addItemToCartCalled('Sauce Labs Backpack');\nproductCatalog.addItemToCartCalled('Sauce Labs Bolt T-Shirt');\nshoppingCart.open();\nshoppingCart.items().should('have.length', 2);\nshoppingCart.items().eq(0).should('contain.text', 'Sauce Labs Backpack');\nshoppingCart.items().eq(1).should('contain.text', 'Bolt T-Shirt');",
                  "err": {},
                  "uuid": "18752244-c329-42db-a4f4-4ac5e7baba0e",
                  "parentUUID": "f0ab2e68-ff48-48ea-ad40-6fac715cafb4",
                  "isHook": false,
                  "skipped": false
                }
              ],
              "suites": [],
              "passes": [
                "18752244-c329-42db-a4f4-4ac5e7baba0e"
              ],
              "failures": [],
              "pending": [],
              "skipped": [],
              "duration": 1163,
              "root": false,
              "rootEmpty": false,
              "_timeout": 2000
            },
            {
              "uuid": "b196b0d0-8b29-4dee-9953-c14f690f2244",
              "title": "Removing items from the cart",
              "fullFile": "",
              "file": "",
              "beforeHooks": [],
              "afterHooks": [],
              "tests": [
                {
                  "title": "should be removed from the cart list",
                  "fullTitle": "When placing items in the cart Removing items from the cart should be removed from the cart list",
                  "timedOut": null,
                  "duration": 1190,
                  "state": "passed",
                  "speed": "slow",
                  "pass": true,
                  "fail": false,
                  "pending": false,
                  "context": null,
                  "code": "shoppingCart.removeButtonFor('Sauce Labs Backpack').click();\nshoppingCart.items().should('have.length', 1).eq(0).should('contain.text', 'Sauce Labs Bolt T-Shirt');",
                  "err": {},
                  "uuid": "f08a87ad-023a-488f-9d93-7da302aef540",
                  "parentUUID": "b196b0d0-8b29-4dee-9953-c14f690f2244",
                  "isHook": false,
                  "skipped": false
                }
              ],
              "suites": [],
              "passes": [
                "f08a87ad-023a-488f-9d93-7da302aef540"
              ],
              "failures": [],
              "pending": [],
              "skipped": [],
              "duration": 1190,
              "root": false,
              "rootEmpty": false,
              "_timeout": 2000
            }
          ],
          "passes": [],
          "failures": [],
          "pending": [],
          "skipped": [],
          "duration": 0,
          "root": false,
          "rootEmpty": false,
          "_timeout": 2000
        }
      ],
      "passes": [],
      "failures": [],
      "pending": [],
      "skipped": [],
      "duration": 0,
      "root": true,
      "rootEmpty": true,
      "_timeout": 2000
    },
    {
      "uuid": "5db34b34-959e-4ccc-bbbe-2f2be809760c",
      "title": "",
      "fullFile": "cypress/integration/4-checkout/checkout-items-in-cart.spec.js",
      "file": "cypress/integration/4-checkout/checkout-items-in-cart.spec.js",
      "beforeHooks": [],
      "afterHooks": [],
      "tests": [],
      "suites": [
        {
          "uuid": "a87657b4-dae0-4220-8c2d-881164eb7c65",
          "title": "When placing items in the cart",
          "fullFile": "",
          "file": "",
          "beforeHooks": [],
          "afterHooks": [],
          "tests": [],
          "suites": [
            {
              "uuid": "5a85f9ab-f15e-4c95-bf25-f81a31f7d853",
              "title": "When checking out items in the cart",
              "fullFile": "",
              "file": "",
              "beforeHooks": [],
              "afterHooks": [],
              "tests": [
                {
                  "title": "all customer information is mandatory",
                  "fullTitle": "When placing items in the cart When checking out items in the cart all customer information is mandatory",
                  "timedOut": null,
                  "duration": 1444,
                  "state": "passed",
                  "speed": "slow",
                  "pass": true,
                  "fail": false,
                  "pending": false,
                  "context": null,
                  "code": "checkoutInformation.withPersonalDetails(\"\", \"\", \"\");\ncheckoutInformation.error().should('be.visible');",
                  "err": {},
                  "uuid": "c2b3d6b3-965b-4d6c-935e-0cec55b58391",
                  "parentUUID": "5a85f9ab-f15e-4c95-bf25-f81a31f7d853",
                  "isHook": false,
                  "skipped": false
                },
                {
                  "title": "the items in the cart should be shown in the overview",
                  "fullTitle": "When placing items in the cart When checking out items in the cart the items in the cart should be shown in the overview",
                  "timedOut": null,
                  "duration": 1947,
                  "state": "passed",
                  "speed": "slow",
                  "pass": true,
                  "fail": false,
                  "pending": false,
                  "context": null,
                  "code": "checkoutInformation.withPersonalDetails(\"Sally\", \"Shopper\", \"ABC123\");\ncheckoutOverview.items().should('have.length', 2);",
                  "err": {},
                  "uuid": "d4a13854-5857-4607-b2bc-5457955df4a8",
                  "parentUUID": "5a85f9ab-f15e-4c95-bf25-f81a31f7d853",
                  "isHook": false,
                  "skipped": false
                },
                {
                  "title": "the Thank You message should be shown when the checkout is completed",
                  "fullTitle": "When placing items in the cart When checking out items in the cart the Thank You message should be shown when the checkout is completed",
                  "timedOut": null,
                  "duration": 1983,
                  "state": "passed",
                  "speed": "slow",
                  "pass": true,
                  "fail": false,
                  "pending": false,
                  "context": null,
                  "code": "checkoutInformation.withPersonalDetails(\"Sally\", \"Shopper\", \"ABC123\");\ncheckoutOverview.finishCheckout();\ncheckoutConfirmation.message().should('contain', 'THANK YOU FOR YOUR ORDER');",
                  "err": {},
                  "uuid": "46bda02e-dce2-4dd5-b31d-840dbd8d7218",
                  "parentUUID": "5a85f9ab-f15e-4c95-bf25-f81a31f7d853",
                  "isHook": false,
                  "skipped": false
                }
              ],
              "suites": [],
              "passes": [
                "c2b3d6b3-965b-4d6c-935e-0cec55b58391",
                "d4a13854-5857-4607-b2bc-5457955df4a8",
                "46bda02e-dce2-4dd5-b31d-840dbd8d7218"
              ],
              "failures": [],
              "pending": [],
              "skipped": [],
              "duration": 5374,
              "root": false,
              "rootEmpty": false,
              "_timeout": 2000
            }
          ],
          "passes": [],
          "failures": [],
          "pending": [],
          "skipped": [],
          "duration": 0,
          "root": false,
          "rootEmpty": false,
          "_timeout": 2000
        }
      ],
      "passes": [],
      "failures": [],
      "pending": [],
      "skipped": [],
      "duration": 0,
      "root": true,
      "rootEmpty": true,
      "_timeout": 2000
    }
  ],
  "meta": {
    "mocha": {
      "version": "7.0.1"
    },
    "mochawesome": {
      "options": {
        "quiet": false,
        "reportFilename": "mochawesome",
        "saveHtml": false,
        "saveJson": true,
        "consoleReporter": "spec",
        "useInlineDiffs": false,
        "code": true
      },
      "version": "6.2.2"
    },
    "marge": {
      "options": {
        "id": "default",
        "reportDir": "cypress/reports/mocha",
        "quite": true,
        "overwrite": false,
        "html": false,
        "json": true
      },
      "version": "5.2.0"
    }
  }
}